d:\documents\ait\course2011spring\skeleton_code_empty\computer_vision_hw\src\debug\imgpro.obj
d:\documents\ait\course2011spring\skeleton_code_empty\computer_vision_hw\src\debug\r2image.obj
d:\documents\ait\course2011spring\skeleton_code_empty\computer_vision_hw\src\debug\r2pixel.obj
d:\documents\ait\course2011spring\skeleton_code_empty\computer_vision_hw\src\debug\svd.obj
d:\documents\ait\course2011spring\skeleton_code_empty\computer_vision_hw\src\debug\r2distance.obj
d:\documents\ait\course2011spring\skeleton_code_empty\computer_vision_hw\src\debug\r2line.obj
d:\documents\ait\course2011spring\skeleton_code_empty\computer_vision_hw\src\debug\r2point.obj
d:\documents\ait\course2011spring\skeleton_code_empty\computer_vision_hw\src\debug\r2segment.obj
d:\documents\ait\course2011spring\skeleton_code_empty\computer_vision_hw\src\debug\r2vector.obj
d:\documents\ait\course2011spring\skeleton_code_empty\computer_vision_hw\src\debug\vc100.pdb
d:\documents\ait\course2011spring\skeleton_code_empty\computer_vision_hw\src\debug\jdmarker.obj
d:\documents\ait\course2011spring\skeleton_code_empty\computer_vision_hw\src\debug\jdmaster.obj
d:\documents\ait\course2011spring\skeleton_code_empty\computer_vision_hw\src\debug\jdmerge.obj
d:\documents\ait\course2011spring\skeleton_code_empty\computer_vision_hw\src\debug\jdphuff.obj
d:\documents\ait\course2011spring\skeleton_code_empty\computer_vision_hw\src\debug\jdpostct.obj
d:\documents\ait\course2011spring\skeleton_code_empty\computer_vision_hw\src\debug\jdsample.obj
d:\documents\ait\course2011spring\skeleton_code_empty\computer_vision_hw\src\debug\jdtrans.obj
d:\documents\ait\course2011spring\skeleton_code_empty\computer_vision_hw\src\debug\jerror.obj
d:\documents\ait\course2011spring\skeleton_code_empty\computer_vision_hw\src\debug\jfdctflt.obj
d:\documents\ait\course2011spring\skeleton_code_empty\computer_vision_hw\src\debug\jfdctfst.obj
d:\documents\ait\course2011spring\skeleton_code_empty\computer_vision_hw\src\debug\jfdctint.obj
d:\documents\ait\course2011spring\skeleton_code_empty\computer_vision_hw\src\debug\jidctflt.obj
d:\documents\ait\course2011spring\skeleton_code_empty\computer_vision_hw\src\debug\jidctfst.obj
d:\documents\ait\course2011spring\skeleton_code_empty\computer_vision_hw\src\debug\jidctint.obj
d:\documents\ait\course2011spring\skeleton_code_empty\computer_vision_hw\src\debug\jidctred.obj
d:\documents\ait\course2011spring\skeleton_code_empty\computer_vision_hw\src\debug\jmemmgr.obj
d:\documents\ait\course2011spring\skeleton_code_empty\computer_vision_hw\src\debug\jmemnobs.obj
d:\documents\ait\course2011spring\skeleton_code_empty\computer_vision_hw\src\debug\jquant1.obj
d:\documents\ait\course2011spring\skeleton_code_empty\computer_vision_hw\src\debug\jquant2.obj
d:\documents\ait\course2011spring\skeleton_code_empty\computer_vision_hw\src\debug\jutils.obj
d:\documents\ait\course2011spring\skeleton_code_empty\computer_vision_hw\src\debug\jcinit.obj
d:\documents\ait\course2011spring\skeleton_code_empty\computer_vision_hw\src\debug\jcmainct.obj
d:\documents\ait\course2011spring\skeleton_code_empty\computer_vision_hw\src\debug\jcmarker.obj
d:\documents\ait\course2011spring\skeleton_code_empty\computer_vision_hw\src\debug\jcmaster.obj
d:\documents\ait\course2011spring\skeleton_code_empty\computer_vision_hw\src\debug\jcomapi.obj
d:\documents\ait\course2011spring\skeleton_code_empty\computer_vision_hw\src\debug\jcparam.obj
d:\documents\ait\course2011spring\skeleton_code_empty\computer_vision_hw\src\debug\jcphuff.obj
d:\documents\ait\course2011spring\skeleton_code_empty\computer_vision_hw\src\debug\jcprepct.obj
d:\documents\ait\course2011spring\skeleton_code_empty\computer_vision_hw\src\debug\jcsample.obj
d:\documents\ait\course2011spring\skeleton_code_empty\computer_vision_hw\src\debug\jctrans.obj
d:\documents\ait\course2011spring\skeleton_code_empty\computer_vision_hw\src\debug\jdapimin.obj
d:\documents\ait\course2011spring\skeleton_code_empty\computer_vision_hw\src\debug\jdapistd.obj
d:\documents\ait\course2011spring\skeleton_code_empty\computer_vision_hw\src\debug\jdatadst.obj
d:\documents\ait\course2011spring\skeleton_code_empty\computer_vision_hw\src\debug\jdatasrc.obj
d:\documents\ait\course2011spring\skeleton_code_empty\computer_vision_hw\src\debug\jdcoefct.obj
d:\documents\ait\course2011spring\skeleton_code_empty\computer_vision_hw\src\debug\jdcolor.obj
d:\documents\ait\course2011spring\skeleton_code_empty\computer_vision_hw\src\debug\jddctmgr.obj
d:\documents\ait\course2011spring\skeleton_code_empty\computer_vision_hw\src\debug\jdhuff.obj
d:\documents\ait\course2011spring\skeleton_code_empty\computer_vision_hw\src\debug\jdinput.obj
d:\documents\ait\course2011spring\skeleton_code_empty\computer_vision_hw\src\debug\jdmainct.obj
d:\documents\ait\course2011spring\skeleton_code_empty\computer_vision_hw\src\debug\jcapimin.obj
d:\documents\ait\course2011spring\skeleton_code_empty\computer_vision_hw\src\debug\jcapistd.obj
d:\documents\ait\course2011spring\skeleton_code_empty\computer_vision_hw\src\debug\jccoefct.obj
d:\documents\ait\course2011spring\skeleton_code_empty\computer_vision_hw\src\debug\jccolor.obj
d:\documents\ait\course2011spring\skeleton_code_empty\computer_vision_hw\src\debug\jcdctmgr.obj
d:\documents\ait\course2011spring\skeleton_code_empty\computer_vision_hw\src\debug\jchuff.obj
d:\documents\ait\course2011spring\skeleton_code_empty\computer_vision_hw\src\debug\imgpro.ilk
d:\documents\ait\course2011spring\skeleton_code_empty\computer_vision_hw\src\debug\imgpro.exe
d:\documents\ait\course2011spring\skeleton_code_empty\computer_vision_hw\src\debug\imgpro.exe.intermediate.manifest
d:\documents\ait\course2011spring\skeleton_code_empty\computer_vision_hw\src\debug\imgpro.pdb
d:\documents\ait\course2011spring\skeleton_code_empty\computer_vision_hw\src\debug\imgpro.exe.embed.manifest
d:\documents\ait\course2011spring\skeleton_code_empty\computer_vision_hw\src\debug\imgpro.exe.embed.manifest.res
c:\users\fanhao yang\desktop\cvmagicframe\debug\vc140.pdb
c:\users\fanhao yang\desktop\cvmagicframe\debug\vc140.idb
c:\users\fanhao yang\desktop\cvmagicframe\debug\imgpro.obj
c:\users\fanhao yang\desktop\cvmagicframe\debug\r2image.obj
c:\users\fanhao yang\desktop\cvmagicframe\debug\r2pixel.obj
c:\users\fanhao yang\desktop\cvmagicframe\debug\svd.obj
c:\users\fanhao yang\desktop\cvmagicframe\debug\r2distance.obj
c:\users\fanhao yang\desktop\cvmagicframe\debug\r2line.obj
c:\users\fanhao yang\desktop\cvmagicframe\debug\r2point.obj
c:\users\fanhao yang\desktop\cvmagicframe\debug\r2segment.obj
c:\users\fanhao yang\desktop\cvmagicframe\debug\r2vector.obj
c:\users\fanhao yang\desktop\cvmagicframe\debug\jdmarker.obj
c:\users\fanhao yang\desktop\cvmagicframe\debug\jdmaster.obj
c:\users\fanhao yang\desktop\cvmagicframe\debug\jdmerge.obj
c:\users\fanhao yang\desktop\cvmagicframe\debug\jdphuff.obj
c:\users\fanhao yang\desktop\cvmagicframe\debug\jdpostct.obj
c:\users\fanhao yang\desktop\cvmagicframe\debug\jdsample.obj
c:\users\fanhao yang\desktop\cvmagicframe\debug\jdtrans.obj
c:\users\fanhao yang\desktop\cvmagicframe\debug\jerror.obj
c:\users\fanhao yang\desktop\cvmagicframe\debug\jfdctflt.obj
c:\users\fanhao yang\desktop\cvmagicframe\debug\jfdctfst.obj
c:\users\fanhao yang\desktop\cvmagicframe\debug\jfdctint.obj
c:\users\fanhao yang\desktop\cvmagicframe\debug\jidctflt.obj
c:\users\fanhao yang\desktop\cvmagicframe\debug\jidctfst.obj
c:\users\fanhao yang\desktop\cvmagicframe\debug\jidctint.obj
c:\users\fanhao yang\desktop\cvmagicframe\debug\jidctred.obj
c:\users\fanhao yang\desktop\cvmagicframe\debug\jmemmgr.obj
c:\users\fanhao yang\desktop\cvmagicframe\debug\jmemnobs.obj
c:\users\fanhao yang\desktop\cvmagicframe\debug\jquant1.obj
c:\users\fanhao yang\desktop\cvmagicframe\debug\jquant2.obj
c:\users\fanhao yang\desktop\cvmagicframe\debug\jutils.obj
c:\users\fanhao yang\desktop\cvmagicframe\debug\jcinit.obj
c:\users\fanhao yang\desktop\cvmagicframe\debug\jcmainct.obj
c:\users\fanhao yang\desktop\cvmagicframe\debug\jcmarker.obj
c:\users\fanhao yang\desktop\cvmagicframe\debug\jcmaster.obj
c:\users\fanhao yang\desktop\cvmagicframe\debug\jcomapi.obj
c:\users\fanhao yang\desktop\cvmagicframe\debug\jcparam.obj
c:\users\fanhao yang\desktop\cvmagicframe\debug\jcphuff.obj
c:\users\fanhao yang\desktop\cvmagicframe\debug\jcprepct.obj
c:\users\fanhao yang\desktop\cvmagicframe\debug\jcsample.obj
c:\users\fanhao yang\desktop\cvmagicframe\debug\jctrans.obj
c:\users\fanhao yang\desktop\cvmagicframe\debug\jdapimin.obj
c:\users\fanhao yang\desktop\cvmagicframe\debug\jdapistd.obj
c:\users\fanhao yang\desktop\cvmagicframe\debug\jdatadst.obj
c:\users\fanhao yang\desktop\cvmagicframe\debug\jdatasrc.obj
c:\users\fanhao yang\desktop\cvmagicframe\debug\jdcoefct.obj
c:\users\fanhao yang\desktop\cvmagicframe\debug\jdcolor.obj
c:\users\fanhao yang\desktop\cvmagicframe\debug\jddctmgr.obj
c:\users\fanhao yang\desktop\cvmagicframe\debug\jdhuff.obj
c:\users\fanhao yang\desktop\cvmagicframe\debug\jdinput.obj
c:\users\fanhao yang\desktop\cvmagicframe\debug\jdmainct.obj
c:\users\fanhao yang\desktop\cvmagicframe\debug\jcapimin.obj
c:\users\fanhao yang\desktop\cvmagicframe\debug\jcapistd.obj
c:\users\fanhao yang\desktop\cvmagicframe\debug\jccoefct.obj
c:\users\fanhao yang\desktop\cvmagicframe\debug\jccolor.obj
c:\users\fanhao yang\desktop\cvmagicframe\debug\jcdctmgr.obj
c:\users\fanhao yang\desktop\cvmagicframe\debug\jchuff.obj
c:\users\fanhao yang\desktop\cvmagicframe\debug\cl.command.1.tlog
c:\users\fanhao yang\desktop\cvmagicframe\debug\cl.read.1.tlog
c:\users\fanhao yang\desktop\cvmagicframe\debug\cl.write.1.tlog
c:\users\fanhao yang\desktop\cvmagicframe\debug\link-cvtres.read.1.tlog
c:\users\fanhao yang\desktop\cvmagicframe\debug\link-cvtres.write.1.tlog
c:\users\fanhao yang\desktop\cvmagicframe\debug\link.5248-cvtres.read.1.tlog
c:\users\fanhao yang\desktop\cvmagicframe\debug\link.5248-cvtres.write.1.tlog
c:\users\fanhao yang\desktop\cvmagicframe\debug\link.5248.read.1.tlog
c:\users\fanhao yang\desktop\cvmagicframe\debug\link.5248.write.1.tlog
c:\users\fanhao yang\desktop\cvmagicframe\debug\link.command.1.tlog
c:\users\fanhao yang\desktop\cvmagicframe\debug\link.read.1.tlog
c:\users\fanhao yang\desktop\cvmagicframe\debug\link.write.1.tlog
c:\users\fanhao yang\desktop\cvmagicframe\debug\mt.command.1.tlog
c:\users\fanhao yang\desktop\cvmagicframe\debug\mt.read.1.tlog
c:\users\fanhao yang\desktop\cvmagicframe\debug\mt.write.1.tlog
c:\users\fanhao yang\desktop\cvmagicframe\debug\rc.command.1.tlog
c:\users\fanhao yang\desktop\cvmagicframe\debug\rc.read.1.tlog
c:\users\fanhao yang\desktop\cvmagicframe\debug\rc.write.1.tlog
c:\users\fanhao yang\desktop\cvmagicframe\debug\imgpro.exe.embed.manifest
c:\users\fanhao yang\desktop\cvmagicframe\debug\imgpro.exe.intermediate.manifest
c:\users\fanhao yang\desktop\cvmagicframe\debug\imgpro.exe.embed.manifest.res
c:\users\fanhao yang\desktop\cvmagicframe\debug\vc100.idb
c:\users\fanhao yang\desktop\cvmagicframe\debug\imgpro.pdb
c:\users\fanhao yang\desktop\cvmagicframe\debug\vc100.pdb
c:\users\fanhao yang\desktop\cvmagicframe\debug\imgpro_manifest.rc
c:\users\fanhao yang\desktop\cvmagicframe\debug\assn1.tlog\cl.command.1.tlog
c:\users\fanhao yang\desktop\cvmagicframe\debug\assn1.tlog\cl.read.1.tlog
c:\users\fanhao yang\desktop\cvmagicframe\debug\assn1.tlog\cl.write.1.tlog
c:\users\fanhao yang\desktop\cvmagicframe\debug\assn1.tlog\link-cvtres.read.1.tlog
c:\users\fanhao yang\desktop\cvmagicframe\debug\assn1.tlog\link-cvtres.write.1.tlog
c:\users\fanhao yang\desktop\cvmagicframe\debug\assn1.tlog\link-rc.read.1.tlog
c:\users\fanhao yang\desktop\cvmagicframe\debug\assn1.tlog\link-rc.write.1.tlog
c:\users\fanhao yang\desktop\cvmagicframe\debug\assn1.tlog\link.command.1.tlog
c:\users\fanhao yang\desktop\cvmagicframe\debug\assn1.tlog\link.read.1.tlog
c:\users\fanhao yang\desktop\cvmagicframe\debug\assn1.tlog\link.write.1.tlog
